#
# A fatal error has been detected by the Java Runtime Environment:
#
#  SIGSEGV (0xb) at pc=0x00000001075caaf8, pid=13082, tid=1811
#
# JRE version: Java(TM) SE Runtime Environment (8.0_25-b17) (build 1.8.0_25-b17)
# Java VM: Java HotSpot(TM) 64-Bit Server VM (25.25-b02 mixed mode bsd-amd64 compressed oops)
# Problematic frame:
# V  [libjvm.dylib+0x2f9af8]
#
# Failed to write core dump. Core dumps have been disabled. To enable core dumping, try "ulimit -c unlimited" before starting Java again
#
# If you would like to submit a bug report, please visit:
#   http://bugreport.sun.com/bugreport/crash.jsp
#

---------------  T H R E A D  ---------------

Current thread (0x00007fe1d1d55000):  JavaThread "AppKit Thread" daemon [_thread_in_vm, id=1811, stack(0x00007fff5822d000,0x00007fff58a2d000)]

siginfo: si_signo: 11 (SIGSEGV), si_code: 1 (SEGV_MAPERR), si_addr: 0x0000000000000000

Registers:
RAX=0x0000000107b65564, RBX=0x0000000000000000, RCX=0x0000000107aa7c80, RDX=0x0000000107ab49b0
RSP=0x00007fff58a27a20, RBP=0x00007fff58a27a70, RSI=0x0000000000000000, RDI=0x00007fe1d1d551e8
R8 =0x0000000000000014, R9 =0x00007fe1d1409610, R10=0x0000000000000007, R11=0x00007fff89ccfaba
R12=0x0000000000000016, R13=0x00007fe1d1d551e8, R14=0x00007fe1d1d551e8, R15=0x00007fe1d1d55000
RIP=0x00000001075caaf8, EFLAGS=0x0000000000010202, ERR=0x0000000000000004
  TRAPNO=0x000000000000000e

Top of Stack: (sp=0x00007fff58a27a20)
0x00007fff58a27a20:   0000000000000004 00007fe1d1d55000
0x00007fff58a27a30:   0000000000000000 00007fe1d17ac3e0
0x00007fff58a27a40:   4073b00000000000 00007fe1d1d55000
0x00007fff58a27a50:   00007fe1d1d55000 00007fe1d14c74e0
0x00007fff58a27a60:   00007fe1d14c74e0 00007fe1d16d31c0
0x00007fff58a27a70:   00007fff58a27af0 000000011f504a71
0x00007fff58a27a80:   40e8c4dd25fa6f36 0000000000000000
0x00007fff58a27a90:   408ab00000000000 0000000000000000
0x00007fff58a27aa0:   0000000000000004 0000000000000000
0x00007fff58a27ab0:   00000000032001f6 00007fe1d17ac3e0
0x00007fff58a27ac0:   4073b00000000000 00007fe1d14c74e0
0x00007fff58a27ad0:   0000000000000016 00007fff8cddb0c0
0x00007fff58a27ae0:   00007fe1d16d31c0 fffffffbffffffff
0x00007fff58a27af0:   00007fff58a27ce0 00007fff8a2639b6
0x00007fff58a27b00:   0000000000000000 00007fff77c768c8
0x00007fff58a27b10:   0000000000000000 00007fff8a51fd87
0x00007fff58a27b20:   00007fff58a27bc0 00007fff87dfa513
0x00007fff58a27b30:   00007fff58a27ba4 000000000037cf01
0x00007fff58a27b40:   00000000ffffffff 00007fff77c768c8
0x00007fff58a27b50:   000000000037cf00 00007fff00000000
0x00007fff58a27b60:   00007fff77c768e0 00007fff77c768e4
0x00007fff58a27b70:   00007fff77c768e8 00007fff00000000
0x00007fff58a27b80:   0000000000000100 00007fe1d14c74e0
0x00007fff58a27b90:   00007fe1d16d39c0 00007fff7775e470
0x00007fff58a27ba0:   00007fff8a262867 00007fff7782a9d0
0x00007fff58a27bb0:   0000000000000000 00007fff8a51fd87
0x00007fff58a27bc0:   00007fff58a27c10 00007fff8cdf192f
0x00007fff58a27bd0:   00007fe1d16d39c0 000000011f537d08
0x00007fff58a27be0:   0000000089cebfb0 00007fe1d16d39c0
0x00007fff58a27bf0:   0000000000000000 00007fff8cddb0c0
0x00007fff58a27c00:   00007fe1d14c74e0 00000000000000f8
0x00007fff58a27c10:   00007fff58a27ce0 00007fff8cddb1ac 

Instructions: (pc=0x00000001075caaf8)
0x00000001075caad8:   74 09 48 8d 7d b8 e8 d1 02 19 00 4c 89 f7 48 89
0x00000001075caae8:   de 90 0f 1f 40 00 48 8d 05 6f aa 59 00 80 38 00
0x00000001075caaf8:   48 8b 03 74 15 48 8d 15 cc 82 4f 00 8a 4a 08 8b
0x00000001075cab08:   40 08 48 d3 e0 48 03 02 eb 04 48 8b 40 08 48 8b 

Register to memory mapping:

RAX=0x0000000107b65564: UseCompressedClassPointers+0 in /Library/Java/JavaVirtualMachines/jdk1.8.0_25.jdk/Contents/Home/jre/lib/server/libjvm.dylib at 0x00000001072d1000
RBX=0x0000000000000000 is an unknown value
RCX=0x0000000107aa7c80: UseMembar+0 in /Library/Java/JavaVirtualMachines/jdk1.8.0_25.jdk/Contents/Home/jre/lib/server/libjvm.dylib at 0x00000001072d1000
RDX=0x0000000107ab49b0: jni_NativeInterface+0 in /Library/Java/JavaVirtualMachines/jdk1.8.0_25.jdk/Contents/Home/jre/lib/server/libjvm.dylib at 0x00000001072d1000
RSP=0x00007fff58a27a20 is pointing into the stack for thread: 0x00007fe1d1d55000
RBP=0x00007fff58a27a70 is pointing into the stack for thread: 0x00007fe1d1d55000
RSI=0x0000000000000000 is an unknown value
RDI=0x00007fe1d1d551e8 is an unknown value
R8 =0x0000000000000014 is an unknown value
R9 =0x00007fe1d1409610 is an unknown value
R10=0x0000000000000007 is an unknown value
R11=0x00007fff89ccfaba: -[NSEvent timestamp]+0 in /System/Library/Frameworks/AppKit.framework/Versions/C/AppKit at 0x00007fff89b13000
R12=0x0000000000000016 is an unknown value
R13=0x00007fe1d1d551e8 is an unknown value
R14=0x00007fe1d1d551e8 is an unknown value
R15=0x00007fe1d1d55000 is a thread


Stack: [0x00007fff5822d000,0x00007fff58a2d000],  sp=0x00007fff58a27a20,  free space=8170k
Native frames: (J=compiled Java code, j=interpreted, Vv=VM code, C=native code)
V  [libjvm.dylib+0x2f9af8]
C  [liblwjgl.jnilib+0xaa71]  -[MacOSXOpenGLView scrollWheel:]+0x81
C  [AppKit+0x7509b6]  -[NSWindow _reallySendEvent:]+0x114f
C  [AppKit+0x1d916e]  -[NSWindow sendEvent:]+0x1be
C  [AppKit+0x18abd3]  -[NSApplication sendEvent:]+0x7d9
C  [libosxapp.dylib+0x23ac]  -[NSApplicationAWT sendEvent:]+0x109
C  [AppKit+0x17608]  -[NSApplication run]+0x2c7
C  [libosxapp.dylib+0x223e]  +[NSApplicationAWT runAWTLoopWithApp:]+0x9c
C  [libawt_lwawt.dylib+0x4494f]  -[AWTStarter starter:]+0x389
C  [Foundation+0x65cdc]  __NSThreadPerformPerform+0x125
C  [CoreFoundation+0x80681]  __CFRUNLOOP_IS_CALLING_OUT_TO_A_SOURCE0_PERFORM_FUNCTION__+0x11
C  [CoreFoundation+0x7280d]  __CFRunLoopDoSources0+0x10d
C  [CoreFoundation+0x71e3f]  __CFRunLoopRun+0x39f
C  [CoreFoundation+0x71858]  CFRunLoopRunSpecific+0x128
C  [java+0x56cc]  CreateExecutionEnvironment+0x367
C  [java+0x165c]  JLI_Launch+0x7a0
C  [java+0x768a]  main+0x65
C  [java+0xeb4]  start+0x34
C  0x0000000000000008


---------------  P R O C E S S  ---------------

Java Threads: ( => current thread )
  0x00007fe1d2559800 JavaThread "Timer hack thread" daemon [_thread_blocked, id=49979, stack(0x00000001241c7000,0x00000001242c7000)]
  0x00007fe1d2ca4800 JavaThread "Snooper Timer" daemon [_thread_blocked, id=42783, stack(0x00000001201d3000,0x00000001202d3000)]
  0x00007fe1d2c27800 JavaThread "AWT-Shutdown" [_thread_blocked, id=29959, stack(0x0000000121756000,0x0000000121856000)]
=>0x00007fe1d1d55000 JavaThread "AppKit Thread" daemon [_thread_in_vm, id=1811, stack(0x00007fff5822d000,0x00007fff58a2d000)]
  0x00007fe1d1850000 JavaThread "Service Thread" daemon [_thread_blocked, id=19203, stack(0x000000011e6fe000,0x000000011e7fe000)]
  0x00007fe1d200d800 JavaThread "C1 CompilerThread2" daemon [_thread_blocked, id=18691, stack(0x000000011e5fb000,0x000000011e6fb000)]
  0x00007fe1d200d000 JavaThread "C2 CompilerThread1" daemon [_thread_in_native, id=18179, stack(0x000000011e4f8000,0x000000011e5f8000)]
  0x00007fe1d2008000 JavaThread "C2 CompilerThread0" daemon [_thread_blocked, id=17667, stack(0x000000011e3f5000,0x000000011e4f5000)]
  0x00007fe1d285b800 JavaThread "Signal Dispatcher" daemon [_thread_blocked, id=17155, stack(0x000000011e2f2000,0x000000011e3f2000)]
  0x00007fe1d1825000 JavaThread "Surrogate Locker Thread (Concurrent GC)" daemon [_thread_blocked, id=14091, stack(0x000000011e1ef000,0x000000011e2ef000)]
  0x00007fe1d1845800 JavaThread "Finalizer" daemon [_thread_blocked, id=11523, stack(0x000000011c8b2000,0x000000011c9b2000)]
  0x00007fe1d1845000 JavaThread "Reference Handler" daemon [_thread_blocked, id=11011, stack(0x000000011c7af000,0x000000011c8af000)]
  0x00007fe1d3001000 JavaThread "Client thread" [_thread_blocked, id=3331, stack(0x00000001081ee000,0x00000001082ee000)]

Other Threads:
  0x00007fe1d1840800 VMThread [stack: 0x000000011c6ac000,0x000000011c7ac000] [id=10499]
  0x00007fe1d184f800 WatcherThread [stack: 0x000000011e801000,0x000000011e901000] [id=19715]

VM state:synchronizing (normal execution)

VM Mutex/Monitor currently owned by a thread:  ([mutex/lock_event])
[0x00007fe1d14066f0] Threads_lock - owner thread: 0x00007fe1d1840800
[0x00007fe1d1407170] Compile_lock - owner thread: 0x00007fe1d3001000

Heap:
 par new generation   total 306688K, used 96363K [0x0000000780000000, 0x0000000794cc0000, 0x0000000794cc0000)
  eden space 272640K,  25% used [0x0000000780000000, 0x0000000784532440, 0x0000000790a40000)
  from space 34048K,  74% used [0x0000000792b80000, 0x0000000794468948, 0x0000000794cc0000)
  to   space 34048K,   0% used [0x0000000790a40000, 0x0000000790a40000, 0x0000000792b80000)
 concurrent mark-sweep generation total 707840K, used 2520K [0x0000000794cc0000, 0x00000007c0000000, 0x00000007c0000000)
 Metaspace       used 21539K, capacity 21700K, committed 21888K, reserved 1069056K
  class space    used 2754K, capacity 2820K, committed 2944K, reserved 1048576K

Card table byte_map: [0x00000001183cc000,0x00000001185cd000] byte_map_base: 0x00000001147cc000

Marking Bits: (CMSBitMap*) 0x00007fe1d283af48
 Bits: [0x0000000118b27000, 0x00000001195f4000)

Mod Union Table: (CMSBitMap*) 0x00007fe1d283b008
 Bits: [0x000000010835d000, 0x0000000108388340)

Polling page: 0x0000000108332000

CodeCache: size=245760Kb used=8142Kb max_used=8177Kb free=237617Kb
 bounds [0x0000000108c00000, 0x0000000109400000, 0x0000000117c00000]
 total_blobs=2664 nmethods=2219 adapters=359
 compilation: enabled

Compilation events (10 events):
Event: 3.821 Thread 0x00007fe1d200d800 2253       2       org.objectweb.asm.Type::getArgumentTypes (131 bytes)
Event: 3.822 Thread 0x00007fe1d200d800 nmethod 2253 0x00000001093e2cd0 code [0x00000001093e2e80, 0x00000001093e3418]
Event: 3.854 Thread 0x00007fe1d200d800 2254       2       java.lang.ref.ReferenceQueue::<init> (27 bytes)
Event: 3.855 Thread 0x00007fe1d200d800 nmethod 2254 0x00000001093e3790 code [0x00000001093e3900, 0x00000001093e3af0]
Event: 3.855 Thread 0x00007fe1d200d800 2255       2       java.lang.ref.ReferenceQueue$Lock::<init> (5 bytes)
Event: 3.855 Thread 0x00007fe1d200d800 nmethod 2255 0x00000001093e3b90 code [0x00000001093e3ce0, 0x00000001093e3e30]
Event: 3.886 Thread 0x00007fe1d2008000 nmethod 2075 0x00000001093ee610 code [0x00000001093eed60, 0x00000001093f5d58]
Event: 3.886 Thread 0x00007fe1d2008000 2143       4       com.google.common.collect.Iterators::addAll (41 bytes)
Event: 3.911 Thread 0x00007fe1d2008000 nmethod 2143 0x00000001093eacd0 code [0x00000001093eaec0, 0x00000001093eb7e0]
Event: 3.912 Thread 0x00007fe1d2008000 2138       4       com.google.common.base.AbstractIterator::next (34 bytes)

GC Heap History (4 events):
Event: 0.738 GC heap before
{Heap before GC invocations=0 (full 0):
 par new generation   total 306688K, used 60112K [0x0000000780000000, 0x0000000794cc0000, 0x0000000794cc0000)
  eden space 272640K,  22% used [0x0000000780000000, 0x0000000783ab4380, 0x0000000790a40000)
  from space 34048K,   0% used [0x0000000790a40000, 0x0000000790a40000, 0x0000000792b80000)
  to   space 34048K,   0% used [0x0000000792b80000, 0x0000000792b80000, 0x0000000794cc0000)
 concurrent mark-sweep generation total 707840K, used 0K [0x0000000794cc0000, 0x00000007c0000000, 0x00000007c0000000)
 Metaspace       used 10815K, capacity 10954K, committed 11136K, reserved 1058816K
  class space    used 1263K, capacity 1299K, committed 1408K, reserved 1048576K
Event: 0.768 GC heap after
Heap after GC invocations=1 (full 1):
 par new generation   total 306688K, used 0K [0x0000000780000000, 0x0000000794cc0000, 0x0000000794cc0000)
  eden space 272640K,   0% used [0x0000000780000000, 0x0000000780000000, 0x0000000790a40000)
  from space 34048K,   0% used [0x0000000790a40000, 0x0000000790a40000, 0x0000000792b80000)
  to   space 34048K,   0% used [0x0000000792b80000, 0x0000000792b80000, 0x0000000794cc0000)
 concurrent mark-sweep generation total 707840K, used 6088K [0x0000000794cc0000, 0x00000007c0000000, 0x00000007c0000000)
 Metaspace       used 10815K, capacity 10954K, committed 11136K, reserved 1058816K
  class space    used 1263K, capacity 1299K, committed 1408K, reserved 1048576K
}
Event: 3.293 GC heap before
{Heap before GC invocations=1 (full 2):
 par new generation   total 306688K, used 272640K [0x0000000780000000, 0x0000000794cc0000, 0x0000000794cc0000)
  eden space 272640K, 100% used [0x0000000780000000, 0x0000000790a40000, 0x0000000790a40000)
  from space 34048K,   0% used [0x0000000790a40000, 0x0000000790a40000, 0x0000000792b80000)
  to   space 34048K,   0% used [0x0000000792b80000, 0x0000000792b80000, 0x0000000794cc0000)
 concurrent mark-sweep generation total 707840K, used 6088K [0x0000000794cc0000, 0x00000007c0000000, 0x00000007c0000000)
 Metaspace       used 19425K, capacity 19620K, committed 19968K, reserved 1067008K
  class space    used 2424K, capacity 2468K, committed 2560K, reserved 1048576K
Event: 3.315 GC heap after
Heap after GC invocations=2 (full 2):
 par new generation   total 306688K, used 25506K [0x0000000780000000, 0x0000000794cc0000, 0x0000000794cc0000)
  eden space 272640K,   0% used [0x0000000780000000, 0x0000000780000000, 0x0000000790a40000)
  from space 34048K,  74% used [0x0000000792b80000, 0x0000000794468948, 0x0000000794cc0000)
  to   space 34048K,   0% used [0x0000000790a40000, 0x0000000790a40000, 0x0000000792b80000)
 concurrent mark-sweep generation total 707840K, used 6088K [0x0000000794cc0000, 0x00000007c0000000, 0x00000007c0000000)
 Metaspace       used 19425K, capacity 19620K, committed 19968K, reserved 1067008K
  class space    used 2424K, capacity 2468K, committed 2560K, reserved 1048576K
}

Deoptimization events (10 events):
Event: 2.195 Thread 0x00007fe1d3001000 Uncommon trap: reason=unloaded action=reinterpret pc=0x00000001091755e8 method=java.lang.SecurityManager.checkPackageAccess(Ljava/lang/String;)V @ 117
Event: 2.550 Thread 0x00007fe1d3001000 Uncommon trap: reason=bimorphic action=maybe_recompile pc=0x000000010900d14c method=java.lang.ThreadLocal.get()Ljava/lang/Object; @ 6
Event: 2.553 Thread 0x00007fe1d3001000 Uncommon trap: reason=bimorphic action=maybe_recompile pc=0x000000010900d14c method=java.lang.ThreadLocal.get()Ljava/lang/Object; @ 6
Event: 2.559 Thread 0x00007fe1d3001000 Uncommon trap: reason=bimorphic action=maybe_recompile pc=0x000000010903d7e8 method=java.net.URL.<init>(Ljava/net/URL;Ljava/lang/String;Ljava/net/URLStreamHandler;)V @ 504
Event: 2.559 Thread 0x00007fe1d3001000 Uncommon trap: reason=unreached action=reinterpret pc=0x00000001091b6b70 method=java.net.URL.set(Ljava/lang/String;Ljava/lang/String;ILjava/lang/String;Ljava/lang/String;Ljava/lang/String;Ljava/lang/String;Ljava/lang/String;)V @ 23
Event: 2.655 Thread 0x00007fe1d3001000 Uncommon trap: reason=bimorphic action=maybe_recompile pc=0x000000010903d7e8 method=java.net.URL.<init>(Ljava/net/URL;Ljava/lang/String;Ljava/net/URLStreamHandler;)V @ 504
Event: 2.655 Thread 0x00007fe1d3001000 Uncommon trap: reason=bimorphic action=maybe_recompile pc=0x000000010903d7e8 method=java.net.URL.<init>(Ljava/net/URL;Ljava/lang/String;Ljava/net/URLStreamHandler;)V @ 504
Event: 2.696 Thread 0x00007fe1d3001000 Uncommon trap: reason=bimorphic action=maybe_recompile pc=0x000000010900d14c method=java.lang.ThreadLocal.get()Ljava/lang/Object; @ 6
Event: 2.710 Thread 0x00007fe1d24a7800 Uncommon trap: reason=null_check action=make_not_entrant pc=0x000000010902c480 method=java.lang.StringCoding.deref(Ljava/lang/ThreadLocal;)Ljava/lang/Object; @ 4
Event: 2.727 Thread 0x00007fe1d3001000 Uncommon trap: reason=unloaded action=reinterpret pc=0x00000001091debb4 method=org.objectweb.asm.ClassReader.readConst(I[C)Ljava/lang/Object; @ 97

Internal exceptions (10 events):
Event: 3.851 Thread 0x00007fe1d3001000 Exception <a 'java/security/PrivilegedActionException'> (0x00000007840b7b28) thrown at [/HUDSON3/workspace/8-2-build-macosx-x86_64/jdk8u25/1514/hotspot/src/share/vm/prims/jvm.cpp, line 1312]
Event: 3.851 Thread 0x00007fe1d3001000 Exception <a 'java/security/PrivilegedActionException'> (0x00000007840c28c0) thrown at [/HUDSON3/workspace/8-2-build-macosx-x86_64/jdk8u25/1514/hotspot/src/share/vm/prims/jvm.cpp, line 1312]
Event: 3.859 Thread 0x00007fe1d3001000 Exception <a 'java/security/PrivilegedActionException'> (0x000000078414abe0) thrown at [/HUDSON3/workspace/8-2-build-macosx-x86_64/jdk8u25/1514/hotspot/src/share/vm/prims/jvm.cpp, line 1312]
Event: 3.859 Thread 0x00007fe1d3001000 Exception <a 'java/security/PrivilegedActionException'> (0x0000000784158038) thrown at [/HUDSON3/workspace/8-2-build-macosx-x86_64/jdk8u25/1514/hotspot/src/share/vm/prims/jvm.cpp, line 1312]
Event: 3.870 Thread 0x00007fe1d3001000 Exception <a 'java/security/PrivilegedActionException'> (0x00000007842496f8) thrown at [/HUDSON3/workspace/8-2-build-macosx-x86_64/jdk8u25/1514/hotspot/src/share/vm/prims/jvm.cpp, line 1312]
Event: 3.873 Thread 0x00007fe1d3001000 Exception <a 'java/security/PrivilegedActionException'> (0x00000007842565b0) thrown at [/HUDSON3/workspace/8-2-build-macosx-x86_64/jdk8u25/1514/hotspot/src/share/vm/prims/jvm.cpp, line 1312]
Event: 3.874 Thread 0x00007fe1d3001000 Exception <a 'java/security/PrivilegedActionException'> (0x000000078425d8f0) thrown at [/HUDSON3/workspace/8-2-build-macosx-x86_64/jdk8u25/1514/hotspot/src/share/vm/prims/jvm.cpp, line 1312]
Event: 3.880 Thread 0x00007fe1d3001000 Exception <a 'java/security/PrivilegedActionException'> (0x00000007842663e8) thrown at [/HUDSON3/workspace/8-2-build-macosx-x86_64/jdk8u25/1514/hotspot/src/share/vm/prims/jvm.cpp, line 1312]
Event: 3.882 Thread 0x00007fe1d3001000 Exception <a 'java/security/PrivilegedActionException'> (0x0000000784270348) thrown at [/HUDSON3/workspace/8-2-build-macosx-x86_64/jdk8u25/1514/hotspot/src/share/vm/prims/jvm.cpp, line 1312]
Event: 3.910 Thread 0x00007fe1d3001000 Exception <a 'java/security/PrivilegedActionException'> (0x0000000784276e98) thrown at [/HUDSON3/workspace/8-2-build-macosx-x86_64/jdk8u25/1514/hotspot/src/share/vm/prims/jvm.cpp, line 1312]

Events (10 events):
Event: 3.874 loading class org/lwjgl/opengl/Display$4
Event: 3.874 loading class org/lwjgl/opengl/Display$4 done
Event: 3.875 loading class java/awt/Container
Event: 3.876 loading class java/awt/Container done
Event: 3.880 loading class org/lwjgl/opengl/AWTSurfaceLock
Event: 3.880 loading class org/lwjgl/opengl/AWTSurfaceLock done
Event: 3.882 loading class org/lwjgl/opengl/Display$7
Event: 3.882 loading class org/lwjgl/opengl/Display$7 done
Event: 3.910 loading class org/lwjgl/MemoryUtil
Event: 3.910 loading class org/lwjgl/MemoryUtil done


Dynamic libraries:
0x0000000006e99000 	/System/Library/Frameworks/Cocoa.framework/Versions/A/Cocoa
0x0000000006e99000 	/System/Library/Frameworks/Security.framework/Versions/A/Security
0x0000000006e99000 	/System/Library/Frameworks/ApplicationServices.framework/Versions/A/ApplicationServices
0x0000000006e99000 	/usr/lib/libz.1.dylib
0x0000000006e99000 	/usr/lib/libSystem.B.dylib
0x0000000006e99000 	/usr/lib/libobjc.A.dylib
0x0000000006e99000 	/System/Library/Frameworks/CoreFoundation.framework/Versions/A/CoreFoundation
0x0000000006e99000 	/System/Library/Frameworks/Foundation.framework/Versions/C/Foundation
0x0000000006e99000 	/System/Library/Frameworks/AppKit.framework/Versions/C/AppKit
0x0000000006e99000 	/System/Library/Frameworks/CoreData.framework/Versions/A/CoreData
0x0000000006e99000 	/System/Library/PrivateFrameworks/RemoteViewServices.framework/Versions/A/RemoteViewServices
0x0000000006e99000 	/System/Library/PrivateFrameworks/UIFoundation.framework/Versions/A/UIFoundation
0x0000000006e99000 	/System/Library/Frameworks/IOSurface.framework/Versions/A/IOSurface
0x0000000006e99000 	/System/Library/Frameworks/AudioToolbox.framework/Versions/A/AudioToolbox
0x0000000006e99000 	/System/Library/Frameworks/AudioUnit.framework/Versions/A/AudioUnit
0x0000000006e99000 	/System/Library/PrivateFrameworks/DataDetectorsCore.framework/Versions/A/DataDetectorsCore
0x0000000006e99000 	/System/Library/PrivateFrameworks/DesktopServicesPriv.framework/Versions/A/DesktopServicesPriv
0x0000000006e99000 	/System/Library/Frameworks/Carbon.framework/Versions/A/Frameworks/HIToolbox.framework/Versions/A/HIToolbox
0x0000000006e99000 	/System/Library/Frameworks/QuartzCore.framework/Versions/A/QuartzCore
0x0000000006e99000 	/System/Library/Frameworks/Carbon.framework/Versions/A/Frameworks/SpeechRecognition.framework/Versions/A/SpeechRecognition
0x0000000006e99000 	/usr/lib/libauto.dylib
0x0000000006e99000 	/usr/lib/libicucore.A.dylib
0x0000000006e99000 	/usr/lib/libxml2.2.dylib
0x0000000006e99000 	/System/Library/PrivateFrameworks/CoreUI.framework/Versions/A/CoreUI
0x0000000006e99000 	/System/Library/Frameworks/CoreAudio.framework/Versions/A/CoreAudio
0x0000000006e99000 	/System/Library/Frameworks/DiskArbitration.framework/Versions/A/DiskArbitration
0x0000000006e99000 	/usr/lib/liblangid.dylib
0x0000000006e99000 	/System/Library/PrivateFrameworks/MultitouchSupport.framework/Versions/A/MultitouchSupport
0x0000000006e99000 	/System/Library/Frameworks/IOKit.framework/Versions/A/IOKit
0x0000000006e99000 	/usr/lib/libDiagnosticMessagesClient.dylib
0x0000000006e99000 	/System/Library/Frameworks/CoreServices.framework/Versions/A/CoreServices
0x0000000006e99000 	/System/Library/PrivateFrameworks/PerformanceAnalysis.framework/Versions/A/PerformanceAnalysis
0x0000000006e99000 	/System/Library/PrivateFrameworks/GenerationalStorage.framework/Versions/A/GenerationalStorage
0x0000000006e99000 	/System/Library/Frameworks/OpenGL.framework/Versions/A/OpenGL
0x0000000006e99000 	/System/Library/PrivateFrameworks/Sharing.framework/Versions/A/Sharing
0x0000000006e99000 	/System/Library/Frameworks/CoreGraphics.framework/Versions/A/CoreGraphics
0x0000000006e99000 	/System/Library/Frameworks/CoreText.framework/Versions/A/CoreText
0x0000000006e99000 	/System/Library/Frameworks/ImageIO.framework/Versions/A/ImageIO
0x0000000006e99000 	/usr/lib/libextension.dylib
0x0000000006e99000 	/System/Library/PrivateFrameworks/Backup.framework/Versions/A/Backup
0x0000000006e99000 	/usr/lib/libarchive.2.dylib
0x0000000006e99000 	/System/Library/Frameworks/CFNetwork.framework/Versions/A/CFNetwork
0x0000000006e99000 	/System/Library/Frameworks/SystemConfiguration.framework/Versions/A/SystemConfiguration
0x0000000006e99000 	/usr/lib/libCRFSuite.dylib
0x0000000006e99000 	/usr/lib/libc++.1.dylib
0x0000000006e99000 	/usr/lib/libc++abi.dylib
0x0000000006e99000 	/usr/lib/system/libcache.dylib
0x0000000006e99000 	/usr/lib/system/libcommonCrypto.dylib
0x0000000006e99000 	/usr/lib/system/libcompiler_rt.dylib
0x0000000006e99000 	/usr/lib/system/libcopyfile.dylib
0x0000000006e99000 	/usr/lib/system/libcorecrypto.dylib
0x0000000006e99000 	/usr/lib/system/libdispatch.dylib
0x0000000006e99000 	/usr/lib/system/libdyld.dylib
0x0000000006e99000 	/usr/lib/system/libkeymgr.dylib
0x0000000006e99000 	/usr/lib/system/liblaunch.dylib
0x0000000006e99000 	/usr/lib/system/libmacho.dylib
0x0000000006e99000 	/usr/lib/system/libquarantine.dylib
0x0000000006e99000 	/usr/lib/system/libremovefile.dylib
0x0000000006e99000 	/usr/lib/system/libsystem_asl.dylib
0x0000000006e99000 	/usr/lib/system/libsystem_blocks.dylib
0x0000000006e99000 	/usr/lib/system/libsystem_c.dylib
0x0000000006e99000 	/usr/lib/system/libsystem_configuration.dylib
0x0000000006e99000 	/usr/lib/system/libsystem_coreservices.dylib
0x0000000006e99000 	/usr/lib/system/libsystem_coretls.dylib
0x0000000006e99000 	/usr/lib/system/libsystem_dnssd.dylib
0x0000000006e99000 	/usr/lib/system/libsystem_info.dylib
0x0000000006e99000 	/usr/lib/system/libsystem_kernel.dylib
0x0000000006e99000 	/usr/lib/system/libsystem_m.dylib
0x0000000006e99000 	/usr/lib/system/libsystem_malloc.dylib
0x0000000006e99000 	/usr/lib/system/libsystem_network.dylib
0x0000000006e99000 	/usr/lib/system/libsystem_networkextension.dylib
0x0000000006e99000 	/usr/lib/system/libsystem_notify.dylib
0x0000000006e99000 	/usr/lib/system/libsystem_platform.dylib
0x0000000006e99000 	/usr/lib/system/libsystem_pthread.dylib
0x0000000006e99000 	/usr/lib/system/libsystem_sandbox.dylib
0x0000000006e99000 	/usr/lib/system/libsystem_secinit.dylib
0x0000000006e99000 	/usr/lib/system/libsystem_stats.dylib
0x0000000006e99000 	/usr/lib/system/libsystem_trace.dylib
0x0000000006e99000 	/usr/lib/system/libunc.dylib
0x0000000006e99000 	/usr/lib/system/libunwind.dylib
0x0000000006e99000 	/usr/lib/system/libxpc.dylib
0x0000000006e99000 	/usr/lib/libbz2.1.0.dylib
0x0000000006e99000 	/usr/lib/liblzma.5.dylib
0x0000000006e99000 	/usr/lib/libbsm.0.dylib
0x0000000006e99000 	/usr/lib/libsqlite3.dylib
0x0000000006e99000 	/usr/lib/system/libkxld.dylib
0x0000000006e99000 	/usr/lib/libxar.1.dylib
0x0000000006e99000 	/usr/lib/libpam.2.dylib
0x0000000006e99000 	/usr/lib/libOpenScriptingUtil.dylib
0x0000000006e99000 	/System/Library/Frameworks/CoreServices.framework/Versions/A/Frameworks/FSEvents.framework/Versions/A/FSEvents
0x0000000006e99000 	/System/Library/Frameworks/CoreServices.framework/Versions/A/Frameworks/CarbonCore.framework/Versions/A/CarbonCore
0x0000000006e99000 	/System/Library/Frameworks/CoreServices.framework/Versions/A/Frameworks/Metadata.framework/Versions/A/Metadata
0x0000000006e99000 	/System/Library/Frameworks/CoreServices.framework/Versions/A/Frameworks/OSServices.framework/Versions/A/OSServices
0x0000000006e99000 	/System/Library/Frameworks/CoreServices.framework/Versions/A/Frameworks/SearchKit.framework/Versions/A/SearchKit
0x0000000006e99000 	/System/Library/Frameworks/CoreServices.framework/Versions/A/Frameworks/AE.framework/Versions/A/AE
0x0000000006e99000 	/System/Library/Frameworks/CoreServices.framework/Versions/A/Frameworks/LaunchServices.framework/Versions/A/LaunchServices
0x0000000006e99000 	/System/Library/Frameworks/CoreServices.framework/Versions/A/Frameworks/DictionaryServices.framework/Versions/A/DictionaryServices
0x0000000006e99000 	/System/Library/Frameworks/NetFS.framework/Versions/A/NetFS
0x0000000006e99000 	/System/Library/PrivateFrameworks/NetAuth.framework/Versions/A/NetAuth
0x0000000006e99000 	/System/Library/PrivateFrameworks/login.framework/Versions/A/Frameworks/loginsupport.framework/Versions/A/loginsupport
0x0000000006e99000 	/System/Library/PrivateFrameworks/TCC.framework/Versions/A/TCC
0x0000000006e99000 	/usr/lib/libmecabra.dylib
0x0000000006e99000 	/System/Library/Frameworks/ApplicationServices.framework/Versions/A/Frameworks/ATS.framework/Versions/A/ATS
0x0000000006e99000 	/System/Library/Frameworks/ApplicationServices.framework/Versions/A/Frameworks/ColorSync.framework/Versions/A/ColorSync
0x0000000006e99000 	/System/Library/Frameworks/ApplicationServices.framework/Versions/A/Frameworks/HIServices.framework/Versions/A/HIServices
0x0000000006e99000 	/System/Library/Frameworks/ApplicationServices.framework/Versions/A/Frameworks/LangAnalysis.framework/Versions/A/LangAnalysis
0x0000000006e99000 	/System/Library/Frameworks/ApplicationServices.framework/Versions/A/Frameworks/PrintCore.framework/Versions/A/PrintCore
0x0000000006e99000 	/System/Library/Frameworks/ApplicationServices.framework/Versions/A/Frameworks/QD.framework/Versions/A/QD
0x0000000006e99000 	/System/Library/Frameworks/ApplicationServices.framework/Versions/A/Frameworks/SpeechSynthesis.framework/Versions/A/SpeechSynthesis
0x0000000006e99000 	/System/Library/Frameworks/Accelerate.framework/Versions/A/Accelerate
0x0000000006e99000 	/System/Library/Frameworks/Accelerate.framework/Versions/A/Frameworks/vImage.framework/Versions/A/vImage
0x0000000006e99000 	/System/Library/Frameworks/Accelerate.framework/Versions/A/Frameworks/vecLib.framework/Versions/A/vecLib
0x0000000006e99000 	/System/Library/Frameworks/Accelerate.framework/Versions/A/Frameworks/vecLib.framework/Versions/A/libvDSP.dylib
0x0000000006e99000 	/System/Library/Frameworks/Accelerate.framework/Versions/A/Frameworks/vecLib.framework/Versions/A/libvMisc.dylib
0x0000000006e99000 	/System/Library/Frameworks/Accelerate.framework/Versions/A/Frameworks/vecLib.framework/Versions/A/libLAPACK.dylib
0x0000000006e99000 	/System/Library/Frameworks/Accelerate.framework/Versions/A/Frameworks/vecLib.framework/Versions/A/libBLAS.dylib
0x0000000006e99000 	/System/Library/Frameworks/Accelerate.framework/Versions/A/Frameworks/vecLib.framework/Versions/A/libLinearAlgebra.dylib
0x0000000006e99000 	/System/Library/Frameworks/ApplicationServices.framework/Versions/A/Frameworks/ATS.framework/Versions/A/Resources/libFontParser.dylib
0x0000000006e99000 	/System/Library/Frameworks/ApplicationServices.framework/Versions/A/Frameworks/ATS.framework/Versions/A/Resources/libFontRegistry.dylib
0x0000000006e99000 	/System/Library/PrivateFrameworks/AppleVPA.framework/Versions/A/AppleVPA
0x0000000006e99000 	/System/Library/PrivateFrameworks/AppleJPEG.framework/Versions/A/AppleJPEG
0x0000000006e99000 	/System/Library/Frameworks/ImageIO.framework/Versions/A/Resources/libJPEG.dylib
0x0000000006e99000 	/System/Library/Frameworks/ImageIO.framework/Versions/A/Resources/libTIFF.dylib
0x0000000006e99000 	/System/Library/Frameworks/ImageIO.framework/Versions/A/Resources/libPng.dylib
0x0000000006e99000 	/System/Library/Frameworks/ImageIO.framework/Versions/A/Resources/libGIF.dylib
0x0000000006e99000 	/System/Library/Frameworks/ImageIO.framework/Versions/A/Resources/libJP2.dylib
0x0000000006e99000 	/System/Library/Frameworks/ImageIO.framework/Versions/A/Resources/libRadiance.dylib
0x0000000006e99000 	/System/Library/Frameworks/CoreVideo.framework/Versions/A/CoreVideo
0x0000000006e99000 	/System/Library/Frameworks/OpenGL.framework/Versions/A/Libraries/libGLU.dylib
0x0000000006e99000 	/System/Library/Frameworks/OpenGL.framework/Versions/A/Libraries/libGFXShared.dylib
0x0000000006e99000 	/System/Library/Frameworks/OpenGL.framework/Versions/A/Libraries/libGL.dylib
0x0000000006e99000 	/System/Library/Frameworks/OpenGL.framework/Versions/A/Libraries/libGLImage.dylib
0x0000000006e99000 	/System/Library/Frameworks/OpenGL.framework/Versions/A/Libraries/libCVMSPluginSupport.dylib
0x0000000006e99000 	/System/Library/Frameworks/OpenGL.framework/Versions/A/Libraries/libCoreVMClient.dylib
0x0000000006e99000 	/usr/lib/libcups.2.dylib
0x0000000006e99000 	/System/Library/Frameworks/Kerberos.framework/Versions/A/Kerberos
0x0000000006e99000 	/System/Library/Frameworks/GSS.framework/Versions/A/GSS
0x0000000006e99000 	/usr/lib/libresolv.9.dylib
0x0000000006e99000 	/usr/lib/libiconv.2.dylib
0x0000000006e99000 	/System/Library/PrivateFrameworks/Heimdal.framework/Versions/A/Heimdal
0x0000000006e99000 	/usr/lib/libheimdal-asn1.dylib
0x0000000006e99000 	/System/Library/Frameworks/OpenDirectory.framework/Versions/A/OpenDirectory
0x0000000006e99000 	/System/Library/PrivateFrameworks/CommonAuth.framework/Versions/A/CommonAuth
0x0000000006e99000 	/System/Library/Frameworks/OpenDirectory.framework/Versions/A/Frameworks/CFOpenDirectory.framework/Versions/A/CFOpenDirectory
0x0000000006e99000 	/System/Library/Frameworks/SecurityFoundation.framework/Versions/A/SecurityFoundation
0x0000000006e99000 	/System/Library/PrivateFrameworks/LanguageModeling.framework/Versions/A/LanguageModeling
0x0000000006e99000 	/usr/lib/libcmph.dylib
0x0000000006e99000 	/System/Library/Frameworks/ServiceManagement.framework/Versions/A/ServiceManagement
0x0000000006e99000 	/usr/lib/libxslt.1.dylib
0x0000000006e99000 	/System/Library/Frameworks/Carbon.framework/Versions/A/Frameworks/Ink.framework/Versions/A/Ink
0x0000000006e99000 	/System/Library/Frameworks/QuartzCore.framework/Versions/A/Frameworks/CoreImage.framework/Versions/A/CoreImage
0x0000000006e99000 	/System/Library/PrivateFrameworks/CrashReporterSupport.framework/Versions/A/CrashReporterSupport
0x0000000006e99000 	/System/Library/Frameworks/OpenCL.framework/Versions/A/OpenCL
0x0000000006e99000 	/System/Library/PrivateFrameworks/FaceCore.framework/Versions/A/FaceCore
0x0000000006e99000 	/System/Library/PrivateFrameworks/Ubiquity.framework/Versions/A/Ubiquity
0x0000000006e99000 	/System/Library/PrivateFrameworks/IconServices.framework/Versions/A/IconServices
0x0000000006e99000 	/System/Library/PrivateFrameworks/ChunkingLibrary.framework/Versions/A/ChunkingLibrary
0x0000000006e99000 	/System/Library/PrivateFrameworks/Apple80211.framework/Versions/A/Apple80211
0x0000000006e99000 	/System/Library/Frameworks/CoreWLAN.framework/Versions/A/CoreWLAN
0x0000000006e99000 	/System/Library/Frameworks/IOBluetooth.framework/Versions/A/IOBluetooth
0x0000000006e99000 	/System/Library/PrivateFrameworks/CoreWiFi.framework/Versions/A/CoreWiFi
0x0000000006e99000 	/System/Library/Frameworks/CoreBluetooth.framework/Versions/A/CoreBluetooth
0x0000000006e99000 	/System/Library/PrivateFrameworks/DebugSymbols.framework/Versions/A/DebugSymbols
0x0000000006e99000 	/System/Library/PrivateFrameworks/CoreSymbolication.framework/Versions/A/CoreSymbolication
0x0000000006e99000 	/System/Library/PrivateFrameworks/Symbolication.framework/Versions/A/Symbolication
0x0000000006e99000 	/System/Library/PrivateFrameworks/SpeechRecognitionCore.framework/Versions/A/SpeechRecognitionCore
0x00000001072d1000 	/Library/Java/JavaVirtualMachines/jdk1.8.0_25.jdk/Contents/Home/jre/lib/server/libjvm.dylib
0x0000000006e99000 	/usr/lib/libstdc++.6.dylib
0x00000001082f0000 	/Library/Java/JavaVirtualMachines/jdk1.8.0_25.jdk/Contents/Home/jre/lib/libverify.dylib
0x00000001082fe000 	/Library/Java/JavaVirtualMachines/jdk1.8.0_25.jdk/Contents/Home/jre/lib/libjava.dylib
0x0000000108353000 	/Library/Java/JavaVirtualMachines/jdk1.8.0_25.jdk/Contents/Home/jre/lib/libzip.dylib
0x000000011c9b4000 	/System/Library/Frameworks/JavaVM.framework/Frameworks/JavaRuntimeSupport.framework/JavaRuntimeSupport
0x000000011c9cc000 	/System/Library/Frameworks/JavaVM.framework/Versions/A/Frameworks/JavaNativeFoundation.framework/Versions/A/JavaNativeFoundation
0x00000001083f2000 	/System/Library/Frameworks/JavaVM.framework/Versions/A/JavaVM
0x0000000006e99000 	/System/Library/Frameworks/Carbon.framework/Versions/A/Carbon
0x000000011c9e1000 	/System/Library/PrivateFrameworks/JavaLaunching.framework/Versions/A/JavaLaunching
0x0000000006e99000 	/System/Library/Frameworks/Carbon.framework/Versions/A/Frameworks/CommonPanels.framework/Versions/A/CommonPanels
0x0000000006e99000 	/System/Library/Frameworks/Carbon.framework/Versions/A/Frameworks/Help.framework/Versions/A/Help
0x0000000006e99000 	/System/Library/Frameworks/Carbon.framework/Versions/A/Frameworks/ImageCapture.framework/Versions/A/ImageCapture
0x0000000006e99000 	/System/Library/Frameworks/Carbon.framework/Versions/A/Frameworks/OpenScripting.framework/Versions/A/OpenScripting
0x0000000006e99000 	/System/Library/Frameworks/Carbon.framework/Versions/A/Frameworks/Print.framework/Versions/A/Print
0x0000000006e99000 	/System/Library/Frameworks/Carbon.framework/Versions/A/Frameworks/SecurityHI.framework/Versions/A/SecurityHI
0x000000011ed6f000 	/Library/Java/JavaVirtualMachines/jdk1.8.0_25.jdk/Contents/Home/jre/lib/libmanagement.dylib
0x000000011ed7c000 	/Library/Java/JavaVirtualMachines/jdk1.8.0_25.jdk/Contents/Home/jre/lib/libnet.dylib
0x000000011eddb000 	/Library/Java/JavaVirtualMachines/jdk1.8.0_25.jdk/Contents/Home/jre/lib/libnio.dylib
0x00000001202e3000 	/Library/Java/JavaVirtualMachines/jdk1.8.0_25.jdk/Contents/Home/jre/lib/libawt.dylib
0x0000000120392000 	/Library/Java/JavaVirtualMachines/jdk1.8.0_25.jdk/Contents/Home/jre/lib/./libmlib_image.dylib
0x000000012045e000 	/Library/Java/JavaVirtualMachines/jdk1.8.0_25.jdk/Contents/Home/jre/lib/libawt_lwawt.dylib
0x000000011ee48000 	/Library/Java/JavaVirtualMachines/jdk1.8.0_25.jdk/Contents/Home/jre/lib/./libosxapp.dylib
0x0000000006e99000 	/System/Library/Frameworks/ExceptionHandling.framework/Versions/A/ExceptionHandling
0x0000000006e99000 	/System/Library/PrivateFrameworks/CoreServicesInternal.framework/Versions/A/CoreServicesInternal
0x0000000006e99000 	/System/Library/PrivateFrameworks/CloudDocs.framework/Versions/A/CloudDocs
0x0000000006e99000 	/System/Library/PrivateFrameworks/CoreDuet.framework/Versions/A/CoreDuet
0x0000000006e99000 	/System/Library/Frameworks/CloudKit.framework/Versions/A/CloudKit
0x0000000006e99000 	/System/Library/PrivateFrameworks/ProtocolBuffer.framework/Versions/A/ProtocolBuffer
0x0000000006e99000 	/System/Library/PrivateFrameworks/CoreDuetDaemonProtocol.framework/Versions/A/CoreDuetDaemonProtocol
0x0000000006e99000 	/System/Library/PrivateFrameworks/CoreDuetDebugLogging.framework/Versions/A/CoreDuetDebugLogging
0x0000000006e99000 	/System/Library/Frameworks/CoreLocation.framework/Versions/A/CoreLocation
0x0000000006e99000 	/System/Library/Frameworks/Accounts.framework/Versions/A/Accounts
0x0000000006e99000 	/System/Library/PrivateFrameworks/ApplePushService.framework/Versions/A/ApplePushService
0x0000000006e99000 	/System/Library/PrivateFrameworks/GeoServices.framework/Versions/A/GeoServices
0x0000000006e99000 	/System/Library/PrivateFrameworks/OAuth.framework/Versions/A/OAuth
0x0000000006e99000 	/System/Library/PrivateFrameworks/CoreDaemon.framework/Versions/B/CoreDaemon
0x0000000006e99000 	/usr/lib/libcrypto.0.9.8.dylib
0x0000000006e99000 	/System/Library/PrivateFrameworks/AppleSRP.framework/Versions/A/AppleSRP
0x0000000006e99000 	/System/Library/PrivateFrameworks/TrustEvaluationAgent.framework/Versions/A/TrustEvaluationAgent
0x0000000006e99000 	/System/Library/Frameworks/CoreGraphics.framework/Versions/A/Resources/libCGCMS.A.dylib
0x0000000006e99000 	/System/Library/Frameworks/CoreGraphics.framework/Versions/A/Resources/libRIP.A.dylib
0x0000000006e99000 	/System/Library/Frameworks/CoreGraphics.framework/Versions/A/Resources/libCGXType.A.dylib
0x0000000006e99000 	/System/Library/Frameworks/OpenCL.framework/Versions/A/Libraries/libcldcpuengine.dylib
0x0000000006e99000 	/System/Library/PrivateFrameworks/DiskImages.framework/Versions/A/DiskImages
0x0000000006e99000 	/System/Library/Frameworks/DiscRecording.framework/Versions/A/DiscRecording
0x0000000006e99000 	/usr/lib/libcsfde.dylib
0x0000000006e99000 	/usr/lib/libcurl.4.dylib
0x0000000006e99000 	/System/Library/PrivateFrameworks/MediaKit.framework/Versions/A/MediaKit
0x0000000006e99000 	/System/Library/PrivateFrameworks/ProtectedCloudStorage.framework/Versions/A/ProtectedCloudStorage
0x0000000006e99000 	/usr/lib/libCoreStorage.dylib
0x0000000006e99000 	/System/Library/PrivateFrameworks/EFILogin.framework/Versions/A/EFILogin
0x0000000006e99000 	/usr/lib/libutil.dylib
0x0000000006e99000 	/System/Library/PrivateFrameworks/FindMyDevice.framework/Versions/A/FindMyDevice
0x0000000006e99000 	/System/Library/Frameworks/LDAP.framework/Versions/A/LDAP
0x0000000006e99000 	/usr/lib/libsasl2.2.dylib
0x000000011f48f000 	cl_kernels
0x0000000122e34000 	/System/Library/Frameworks/OpenCL.framework/Versions/A/Libraries/ImageFormats/unorm8_bgra.dylib
0x000000011f649000 	cl_kernels
0x0000000006e99000 	/System/Library/PrivateFrameworks/FamilyControls.framework/Versions/A/FamilyControls
0x0000000006e99000 	/System/Library/PrivateFrameworks/CommerceKit.framework/Versions/A/Frameworks/CommerceCore.framework/Versions/A/CommerceCore
0x0000000006e99000 	/System/Library/PrivateFrameworks/SystemAdministration.framework/Versions/A/SystemAdministration
0x0000000006e99000 	/System/Library/PrivateFrameworks/AppContainer.framework/Versions/A/AppContainer
0x0000000006e99000 	/System/Library/PrivateFrameworks/SecCodeWrapper.framework/Versions/A/SecCodeWrapper
0x0000000006e99000 	/System/Library/Frameworks/DirectoryService.framework/Versions/A/DirectoryService
0x0000000006e99000 	/System/Library/PrivateFrameworks/LoginUIKit.framework/Versions/A/Frameworks/LoginUICore.framework/Versions/A/LoginUICore
0x0000000006e99000 	/usr/lib/libodfde.dylib
0x000000011f493000 	/Library/Java/JavaVirtualMachines/jdk1.8.0_25.jdk/Contents/Home/jre/lib/libfontmanager.dylib
0x000000011f4fa000 	/Users/Chaitu/.gradle/caches/minecraft/net/minecraft/minecraft_natives/1.7.10/liblwjgl.jnilib
0x000000011ee1d000 	/Library/Java/JavaVirtualMachines/jdk1.8.0_25.jdk/Contents/Home/jre/lib/libjawt.dylib
0x0000000006e99000 	/System/Library/Frameworks/OpenGL.framework/Versions/A/Resources/GLEngine.bundle/GLEngine
0x0000000006e99000 	/System/Library/Frameworks/OpenGL.framework/Versions/A/Libraries/libGLProgrammability.dylib
0x0000000000000000 	/System/Library/Extensions/AppleIntelHD5000GraphicsGLDriver.bundle/Contents/MacOS/AppleIntelHD5000GraphicsGLDriver
0x0000000006e99000 	/System/Library/PrivateFrameworks/IOAccelerator.framework/Versions/A/IOAccelerator
0x0000000006e99000 	/System/Library/PrivateFrameworks/GPUSupport.framework/Versions/A/Libraries/libGPUSupportMercury.dylib
0x0000000006e99000 	/System/Library/Frameworks/OpenGL.framework/Versions/A/Resources/GLRendererFloat.bundle/GLRendererFloat

VM Arguments:
jvm_args: -Xincgc -Xmx1024M -Xms1024M -Dfile.encoding=UTF-8 
java_command: GradleStart
java_class_path (initial): /Users/Chaitu/Documents/minecraft/forge/bin:/Users/Chaitu/.gradle/caches/minecraft/net/minecraftforge/forge/1.7.10-10.13.2.1291/forgeSrc-1.7.10-10.13.2.1291.jar:/Users/Chaitu/.gradle/caches/modules-2/files-2.1/net.minecraft/launchwrapper/1.11/9c0592c6e1e9ea296a70948081bd4cc84dda1289/launchwrapper-1.11.jar:/Users/Chaitu/.gradle/caches/modules-2/files-2.1/com.google.code.findbugs/jsr305/1.3.9/40719ea6961c0cb6afaeb6a921eaa1f6afd4cfdf/jsr305-1.3.9.jar:/Users/Chaitu/.gradle/caches/modules-2/files-2.1/org.ow2.asm/asm-debug-all/5.0.3/f9e364ae2a66ce2a543012a4668856e84e5dab74/asm-debug-all-5.0.3.jar:/Users/Chaitu/.gradle/caches/modules-2/files-2.1/com.typesafe.akka/akka-actor_2.11/2.3.3/ed62e9fc709ca0f2ff1a3220daa8b70a2870078e/akka-actor_2.11-2.3.3.jar:/Users/Chaitu/.gradle/caches/modules-2/files-2.1/com.typesafe/config/1.2.1/f771f71fdae3df231bcd54d5ca2d57f0bf93f467/config-1.2.1.jar:/Users/Chaitu/.gradle/caches/modules-2/files-2.1/org.scala-lang/scala-actors-migration_2.11/1.1.0/dfa8bc42b181d5b9f1a5dd147f8ae308b893eb6f/scala-actors-migration_2.11-1.1.0.jar:/Users/Chaitu/.gradle/caches/modules-2/files-2.1/org.scala-lang/scala-compiler/2.11.1/56ea2e6c025e0821f28d73ca271218b8dd04926a/scala-compiler-2.11.1.jar:/Users/Chaitu/.gradle/caches/modules-2/files-2.1/org.scala-lang.plugins/scala-continuations-library_2.11/1.0.2/e517c53a7e9acd6b1668c5a35eccbaa3bab9aac/scala-continuations-library_2.11-1.0.2.jar:/Users/Chaitu/.gradle/caches/modules-2/files-2.1/org.scala-lang.plugins/scala-continuations-plugin_2.11.1/1.0.2/f361a3283452c57fa30c1ee69448995de23c60f7/scala-continuations-plugin_2.11.1-1.0.2.jar:/Users/Chaitu/.gradle/caches/modules-2/files-2.1/org.scala-lang/scala-library/2.11.1/e11da23da3eabab9f4777b9220e60d44c1aab6a/scala-library-2.11.1.jar:/Users/Chaitu/.gradle/caches/modules-2/files-2.1/org.scala-lang/scala-parser-combinators_2.11/1.0.1/f05d7345bf5a58924f2837c6c1f4d73a938e1ff0/scala-parser-combinators_2.11-1.0.1.jar:/Users/Chaitu/.gradle/caches/mod
Launcher Type: SUN_STANDARD

Environment Variables:
PATH=/usr/bin:/bin:/usr/sbin:/sbin
SHELL=/bin/zsh
DISPLAY=/private/tmp/com.apple.launchd.k0eRUimRc5/org.macosforge.xquartz:0

Signal Handlers:
SIGSEGV: [libjvm.dylib+0x579dc7], sa_mask[0]=11111111011111110111111111111111, sa_flags=SA_ONSTACK|SA_RESTART|SA_SIGINFO
SIGBUS: [libjvm.dylib+0x579dc7], sa_mask[0]=11111111011111110111111111111111, sa_flags=SA_RESTART|SA_SIGINFO
SIGFPE: [libjvm.dylib+0x45b030], sa_mask[0]=11111111011111110111111111111111, sa_flags=SA_RESTART|SA_SIGINFO
SIGPIPE: [libjvm.dylib+0x45b030], sa_mask[0]=11111111011111110111111111111111, sa_flags=SA_RESTART|SA_SIGINFO
SIGXFSZ: [libjvm.dylib+0x45b030], sa_mask[0]=11111111011111110111111111111111, sa_flags=SA_RESTART|SA_SIGINFO
SIGILL: [libjvm.dylib+0x45b030], sa_mask[0]=11111111011111110111111111111111, sa_flags=SA_RESTART|SA_SIGINFO
SIGUSR1: SIG_DFL, sa_mask[0]=00000000000000000000000000000000, sa_flags=none
SIGUSR2: [libjvm.dylib+0x45ab4e], sa_mask[0]=00100000000000000000000000000000, sa_flags=SA_RESTART|SA_SIGINFO
SIGHUP: [libjvm.dylib+0x459121], sa_mask[0]=11111111011111110111111111111111, sa_flags=SA_RESTART|SA_SIGINFO
SIGINT: [libjvm.dylib+0x459121], sa_mask[0]=11111111011111110111111111111111, sa_flags=SA_RESTART|SA_SIGINFO
SIGTERM: [libjvm.dylib+0x459121], sa_mask[0]=11111111011111110111111111111111, sa_flags=SA_RESTART|SA_SIGINFO
SIGQUIT: [libjvm.dylib+0x459121], sa_mask[0]=11111111011111110111111111111111, sa_flags=SA_RESTART|SA_SIGINFO


---------------  S Y S T E M  ---------------

OS:Bsduname:Darwin 14.1.0 Darwin Kernel Version 14.1.0: Mon Dec 22 23:10:38 PST 2014; root:xnu-2782.10.72~2/RELEASE_X86_64 x86_64
rlimit: STACK 8192k, CORE 0k, NPROC 709, NOFILE 10240, AS infinity
load average:2.34 2.00 1.96

CPU:total 4 (2 cores per cpu, 2 threads per core) family 6 model 69 stepping 1, cmov, cx8, fxsr, mmx, sse, sse2, sse3, ssse3, sse4.1, sse4.2, popcnt, avx, avx2, aes, clmul, erms, lzcnt, ht, tsc, tscinvbit, bmi1, bmi2

Memory: 4k page, physical 8388608k(844992k free)

/proc/meminfo:


vm_info: Java HotSpot(TM) 64-Bit Server VM (25.25-b02) for bsd-amd64 JRE (1.8.0_25-b17), built on Sep 17 2014 16:56:50 by "java_re" with gcc 4.2.1 (Based on Apple Inc. build 5658) (LLVM build 2336.11.00)

time: Fri Mar 13 05:53:43 2015
elapsed time: 3 seconds (0d 0h 0m 3s)

